[package-pipeline] Running shell script
+ echo 'PATH = /Users/jorgegarrealonso/Documents/apache-maven-3.5.2/bin:/Users/jorgegarrealonso/Documents/apache-maven-3.5.2/bin:/usr/bin:/bin:/usr/sbin:/sbin'
PATH = /Users/jorgegarrealonso/Documents/apache-maven-3.5.2/bin:/Users/jorgegarrealonso/Documents/apache-maven-3.5.2/bin:/usr/bin:/bin:/usr/sbin:/sbin
+ echo 'M2_HOME = /Users/jorgegarrealonso/Documents/apache-maven-3.5.2'
M2_HOME = /Users/jorgegarrealonso/Documents/apache-maven-3.5.2
+ mvn clean package
[INFO] Scanning for projects...
[WARNING] 
[WARNING] Some problems were encountered while building the effective model for com.example.maven-project:server:jar:1.0-SNAPSHOT
[WARNING] 'build.plugins.plugin.(groupId:artifactId)' must be unique but found duplicate declaration of plugin org.codehaus.mojo:findbugs-maven-plugin @ com.example.maven-project:maven-project:1.0-SNAPSHOT, /Users/Shared/Jenkins/Home/workspace/package-pipeline/pom.xml, line 98, column 21
[WARNING] Reporting configuration should be done in <reporting> section, not in maven-site-plugin <configuration> as reportPlugins parameter.
[WARNING] 
[WARNING] Some problems were encountered while building the effective model for com.example.maven-project:webapp:war:1.0-SNAPSHOT
[WARNING] Reporting configuration should be done in <reporting> section, not in maven-site-plugin <configuration> as reportPlugins parameter.
[WARNING] 
[WARNING] Some problems were encountered while building the effective model for com.example.maven-project:maven-project:pom:1.0-SNAPSHOT
[WARNING] 'build.plugins.plugin.(groupId:artifactId)' must be unique but found duplicate declaration of plugin org.codehaus.mojo:findbugs-maven-plugin @ line 98, column 21
[WARNING] Reporting configuration should be done in <reporting> section, not in maven-site-plugin <configuration> as reportPlugins parameter. @ line 144, column 24
[WARNING] 
[WARNING] It is highly recommended to fix these problems because they threaten the stability of your build.
[WARNING] 
[WARNING] For this reason, future Maven versions might no longer support building such malformed projects.
[WARNING] 
[WARNING] The project com.example.maven-project:maven-project:pom:1.0-SNAPSHOT uses prerequisites which is only intended for maven-plugin projects but not for non maven-plugin projects. For such purposes you should use the maven-enforcer-plugin. See https://maven.apache.org/enforcer/enforcer-rules/requireMavenVersion.html
[INFO] ------------------------------------------------------------------------
[INFO] Reactor Build Order:
[INFO] 
[INFO] Maven Project
[INFO] Server
[INFO] Webapp
[INFO] 
[INFO] ------------------------------------------------------------------------
[INFO] Building Maven Project 1.0-SNAPSHOT
[INFO] ------------------------------------------------------------------------
[INFO] 
[INFO] --- maven-clean-plugin:2.5:clean (default-clean) @ maven-project ---
[INFO] 
[INFO] ------------------------------------------------------------------------
[INFO] Building Server 1.0-SNAPSHOT
[INFO] ------------------------------------------------------------------------
[INFO] 
[INFO] --- maven-clean-plugin:2.5:clean (default-clean) @ server ---
[INFO] Deleting /Users/Shared/Jenkins/Home/workspace/package-pipeline/server/target
[INFO] 
[INFO] --- maven-resources-plugin:2.5:resources (default-resources) @ server ---
[debug] execute contextualize
[INFO] Using 'utf-8' encoding to copy filtered resources.
[INFO] skip non existing resourceDirectory /Users/Shared/Jenkins/Home/workspace/package-pipeline/server/src/main/resources
[INFO] 
[INFO] --- maven-compiler-plugin:2.3.2:compile (default-compile) @ server ---
[INFO] Compiling 2 source files to /Users/Shared/Jenkins/Home/workspace/package-pipeline/server/target/classes
[INFO] 
[INFO] --- maven-resources-plugin:2.5:testResources (default-testResources) @ server ---
[debug] execute contextualize
[INFO] Using 'utf-8' encoding to copy filtered resources.
[INFO] skip non existing resourceDirectory /Users/Shared/Jenkins/Home/workspace/package-pipeline/server/src/test/resources
[INFO] 
[INFO] --- maven-compiler-plugin:2.3.2:testCompile (default-testCompile) @ server ---
[INFO] Compiling 1 source file to /Users/Shared/Jenkins/Home/workspace/package-pipeline/server/target/test-classes
[INFO] 
[INFO] --- maven-surefire-plugin:2.11:test (default-test) @ server ---
[INFO] Surefire report directory: /Users/Shared/Jenkins/Home/workspace/package-pipeline/server/target/surefire-reports

-------------------------------------------------------
 T E S T S
-------------------------------------------------------
Running com.example.TestGreeter
Tests run: 2, Failures: 0, Errors: 0, Skipped: 0, Time elapsed: 0.05 sec

Results :

Tests run: 2, Failures: 0, Errors: 0, Skipped: 0

[INFO] 
[INFO] --- maven-jar-plugin:2.4:jar (default-jar) @ server ---
[INFO] Building jar: /Users/Shared/Jenkins/Home/workspace/package-pipeline/server/target/server.jar
[INFO] 
[INFO] ------------------------------------------------------------------------
[INFO] Building Webapp 1.0-SNAPSHOT
[INFO] ------------------------------------------------------------------------
[INFO] 
[INFO] --- maven-clean-plugin:2.5:clean (default-clean) @ webapp ---
[INFO] Deleting /Users/Shared/Jenkins/Home/workspace/package-pipeline/webapp/target
[INFO] 
[INFO] --- maven-resources-plugin:2.5:resources (default-resources) @ webapp ---
[debug] execute contextualize
[INFO] Using 'utf-8' encoding to copy filtered resources.
[INFO] skip non existing resourceDirectory /Users/Shared/Jenkins/Home/workspace/package-pipeline/webapp/src/main/resources
[INFO] 
[INFO] --- maven-compiler-plugin:2.3.2:compile (default-compile) @ webapp ---
[INFO] No sources to compile
[INFO] 
[INFO] --- maven-resources-plugin:2.5:testResources (default-testResources) @ webapp ---
[debug] execute contextualize
[INFO] Using 'utf-8' encoding to copy filtered resources.
[INFO] skip non existing resourceDirectory /Users/Shared/Jenkins/Home/workspace/package-pipeline/webapp/src/test/resources
[INFO] 
[INFO] --- maven-compiler-plugin:2.3.2:testCompile (default-testCompile) @ webapp ---
[INFO] No sources to compile
[INFO] 
[INFO] --- maven-surefire-plugin:2.11:test (default-test) @ webapp ---
[INFO] No tests to run.
[INFO] Surefire report directory: /Users/Shared/Jenkins/Home/workspace/package-pipeline/webapp/target/surefire-reports

-------------------------------------------------------
 T E S T S
-------------------------------------------------------

Results :

Tests run: 0, Failures: 0, Errors: 0, Skipped: 0

[INFO] 
[INFO] --- maven-war-plugin:2.2:war (default-war) @ webapp ---
[INFO] Packaging webapp
[INFO] Assembling webapp [webapp] in [/Users/Shared/Jenkins/Home/workspace/package-pipeline/webapp/target/webapp]
[INFO] Processing war project
[INFO] Copying webapp resources [/Users/Shared/Jenkins/Home/workspace/package-pipeline/webapp/src/main/webapp]
[INFO] Webapp assembled in [22 msecs]
[INFO] Building war: /Users/Shared/Jenkins/Home/workspace/package-pipeline/webapp/target/webapp.war
[INFO] WEB-INF/web.xml already added, skipping
[INFO] ------------------------------------------------------------------------
[INFO] Reactor Summary:
[INFO] 
[INFO] Maven Project ...................................... SUCCESS [  0.162 s]
[INFO] Server ............................................. SUCCESS [  1.814 s]
[INFO] Webapp ............................................. SUCCESS [  0.530 s]
[INFO] ------------------------------------------------------------------------
[INFO] BUILD SUCCESS
[INFO] ------------------------------------------------------------------------
[INFO] Total time: 2.638 s
[INFO] Finished at: 2017-11-23T21:01:42+01:00
[INFO] Final Memory: 23M/204M
[INFO] ------------------------------------------------------------------------
